#
# A fatal error has been detected by the Java Runtime Environment:
#
#  EXCEPTION_ACCESS_VIOLATION (0xc0000005) at pc=0x00007fff7fb5d85e, pid=8836, tid=4040
#
# JRE version: Java(TM) SE Runtime Environment (8.0_20-b26) (build 1.8.0_20-b26)
# Java VM: Java HotSpot(TM) 64-Bit Server VM (25.20-b23 mixed mode windows-amd64 compressed oops)
# Problematic frame:
# C  [ntdll.dll+0x3d85e]
#
# Failed to write core dump. Minidumps are not enabled by default on client versions of Windows
#
# If you would like to submit a bug report, please visit:
#   http://bugreport.sun.com/bugreport/crash.jsp
# The crash happened outside the Java Virtual Machine in native code.
# See problematic frame for where to report the bug.
#

---------------  T H R E A D  ---------------

Current thread (0x000000001ba21000):  JavaThread "AWT-EventQueue-0" [_thread_in_native, id=4040, stack(0x000000001c000000,0x000000001c100000)]

siginfo: ExceptionCode=0xc0000005, writing address 0x0000000000000024

Registers:
RAX=0x0000000000000000, RBX=0x00000000012582a8, RCX=0x00000000fffffffc, RDX=0x0000000000000544
RSP=0x000000001c0fc910, RBP=0x00007ff6328aa000, RSI=0x0000000000000544, RDI=0x0000000000000000
R8 =0xffffffffffffffff, R9 =0x00007ff6328aa000, R10=0x0000000000000000, R11=0x0000000000000246
R12=0x0000000000000000, R13=0x0000000000000000, R14=0x0000000000000000, R15=0x0000000000000000
RIP=0x00007fff7fb5d85e, EFLAGS=0x0000000000010213

Top of Stack: (sp=0x000000001c0fc910)
0x000000001c0fc910:   0000000000000544 000000001ba21000
0x000000001c0fc920:   000000001c0fcbb0 000000001be2b110
0x000000001c0fc930:   0000000000000000 000000001ba211e8
0x000000001c0fc940:   000000001c0fca38 000000001ba21000
0x000000001c0fc950:   0000000000000000 0000000050777b01
0x000000001c0fc960:   0000000000000058 0000000000000000
0x000000001c0fc970:   0000000000000000 000000001718376c
0x000000001c0fc980:   000000001ba21000 0000000002d3762d
0x000000001c0fc990:   0000ca9a717d8719 000000000000000e
0x000000001c0fc9a0:   0000000000000004 0000000000000001
0x000000001c0fc9b0:   000000001be2b110 000000007ffe0372
0x000000001c0fc9c0:   0000000000000000 0000000000000000
0x000000001c0fc9d0:   00007ff6328aa000 00007fff7fb5b254
0x000000001c0fc9e0:   000000001ba21000 000000001c0fc880
0x000000001c0fc9f0:   00000000012582a8 0000000051e179c7
0x000000001c0fca00:   0000000000000000 0000000000000000 

Instructions: (pc=0x00007fff7fb5d85e)
0x00007fff7fb5d83e:   a8 01 0f 85 e0 00 00 00 8b c8 41 2b ce f0 0f b1
0x00007fff7fb5d84e:   4b 08 75 e9 48 8b 03 45 33 f6 48 83 f8 ff 74 03
0x00007fff7fb5d85e:   ff 40 24 41 bf 82 03 fe 7f 41 8a 0f 84 c9 0f 85
0x00007fff7fb5d86e:   a0 fa 06 00 48 83 fe ff 0f 84 f5 fa 06 00 4c 8b 


Register to memory mapping:

RAX=0x0000000000000000 is an unknown value
RBX=0x00000000012582a8 is an unknown value
RCX=0x00000000fffffffc is an unallocated location in the heap
RDX=0x0000000000000544 is an unknown value
RSP=0x000000001c0fc910 is pointing into the stack for thread: 0x000000001ba21000
RBP=0x00007ff6328aa000 is an unknown value
RSI=0x0000000000000544 is an unknown value
RDI=0x0000000000000000 is an unknown value
R8 =0xffffffffffffffff is an unknown value
R9 =0x00007ff6328aa000 is an unknown value
R10=0x0000000000000000 is an unknown value
R11=0x0000000000000246 is an unknown value
R12=0x0000000000000000 is an unknown value
R13=0x0000000000000000 is an unknown value
R14=0x0000000000000000 is an unknown value
R15=0x0000000000000000 is an unknown value


Stack: [0x000000001c000000,0x000000001c100000],  sp=0x000000001c0fc910,  free space=1010k
Native frames: (J=compiled Java code, j=interpreted, Vv=VM code, C=native code)
C  [ntdll.dll+0x3d85e]
C  [ntdll.dll+0x3b254]
C  0x00007fff5c559505

Java frames: (J=compiled Java code, j=interpreted, Vv=VM code)
j  sun.java2d.d3d.D3DSurfaceData.initOps(III)V+0
j  sun.java2d.d3d.D3DSurfaceData.<init>(Lsun/awt/windows/WComponentPeer;Lsun/java2d/d3d/D3DGraphicsConfig;IILjava/awt/Image;Ljava/awt/image/ColorModel;IILsun/java2d/pipe/hw/ExtendedBufferCapabilities$VSyncType;I)V+76
j  sun.java2d.d3d.D3DSurfaceData.createData(Lsun/java2d/d3d/D3DGraphicsConfig;IILjava/awt/image/ColorModel;Ljava/awt/Image;I)Lsun/java2d/d3d/D3DSurfaceData;+70
j  sun.java2d.d3d.D3DVolatileSurfaceManager.initAcceleratedSurface()Lsun/java2d/SurfaceData;+133
j  sun.java2d.d3d.D3DVolatileSurfaceManager.restoreAcceleratedSurface()V+62
J 1373 C1 sun.awt.image.VolatileSurfaceManager.validate(Ljava/awt/GraphicsConfiguration;)I (204 bytes) @ 0x00000000031e59dc [0x00000000031e53a0+0x63c]
J 1372 C1 sun.awt.image.SunVolatileImage.validate(Ljava/awt/GraphicsConfiguration;)I (9 bytes) @ 0x00000000031d60bc [0x00000000031d5fc0+0xfc]
J 1365 C1 javax.swing.RepaintManager$PaintManager.paint(Ljavax/swing/JComponent;Ljavax/swing/JComponent;Ljava/awt/Graphics;IIII)Z (189 bytes) @ 0x00000000031db12c [0x00000000031da780+0x9ac]
J 1329 C1 javax.swing.RepaintManager.paint(Ljavax/swing/JComponent;Ljavax/swing/JComponent;Ljava/awt/Graphics;IIII)V (93 bytes) @ 0x00000000031afe34 [0x00000000031af960+0x4d4]
J 1300 C1 javax.swing.JComponent._paintImmediately(IIII)V (891 bytes) @ 0x000000000316fdb4 [0x000000000316d100+0x2cb4]
J 1298 C1 javax.swing.JComponent.paintImmediately(IIII)V (155 bytes) @ 0x000000000317758c [0x00000000031767e0+0xdac]
J 1345 C1 javax.swing.RepaintManager$4.run()Ljava/lang/Void; (278 bytes) @ 0x00000000031c13bc [0x00000000031c0d20+0x69c]
J 1281 C1 javax.swing.RepaintManager$4.run()Ljava/lang/Object; (5 bytes) @ 0x000000000316414c [0x00000000031640c0+0x8c]
v  ~StubRoutines::call_stub
J 947  java.security.AccessController.doPrivileged(Ljava/security/PrivilegedAction;Ljava/security/AccessControlContext;)Ljava/lang/Object; (0 bytes) @ 0x000000000307b4a6 [0x000000000307b440+0x66]
J 1342 C1 javax.swing.RepaintManager.paintDirtyRegions(Ljava/util/Map;)V (196 bytes) @ 0x00000000031bbf84 [0x00000000031baba0+0x13e4]
J 1341 C1 javax.swing.RepaintManager.paintDirtyRegions()V (50 bytes) @ 0x00000000031bf9ec [0x00000000031bf780+0x26c]
J 1340 C1 javax.swing.RepaintManager.prePaintDirtyRegions()V (91 bytes) @ 0x00000000031ae9e4 [0x00000000031ae3c0+0x624]
J 1270 C1 javax.swing.RepaintManager$ProcessingRunnable.run()V (41 bytes) @ 0x0000000003159074 [0x0000000003158e20+0x254]
J 1112 C1 java.awt.event.InvocationEvent.dispatch()V (69 bytes) @ 0x00000000030ed094 [0x00000000030ece80+0x214]
J 1085 C1 java.awt.EventQueue.dispatchEventImpl(Ljava/awt/AWTEvent;Ljava/lang/Object;)V (149 bytes) @ 0x00000000030dd64c [0x00000000030dbd40+0x190c]
J 1186 C1 java.awt.EventQueue$3.run()Ljava/lang/Void; (60 bytes) @ 0x000000000311f6cc [0x000000000311f4c0+0x20c]
J 1185 C1 java.awt.EventQueue$3.run()Ljava/lang/Object; (5 bytes) @ 0x000000000311ce4c [0x000000000311cdc0+0x8c]
v  ~StubRoutines::call_stub
J 947  java.security.AccessController.doPrivileged(Ljava/security/PrivilegedAction;Ljava/security/AccessControlContext;)Ljava/lang/Object; (0 bytes) @ 0x000000000307b4a6 [0x000000000307b440+0x66]
J 1494 C2 java.awt.EventQueue.dispatchEvent(Ljava/awt/AWTEvent;)V (80 bytes) @ 0x0000000003295f48 [0x0000000003295b40+0x408]
J 1497 C2 java.awt.EventDispatchThread.pumpOneEventForFilters(I)V (295 bytes) @ 0x000000000329c738 [0x000000000329c1e0+0x558]
j  java.awt.EventDispatchThread.pumpEventsForFilter(ILjava/awt/Conditional;Ljava/awt/EventFilter;)V+35
j  java.awt.EventDispatchThread.pumpEventsForHierarchy(ILjava/awt/Conditional;Ljava/awt/Component;)V+11
j  java.awt.EventDispatchThread.pumpEvents(ILjava/awt/Conditional;)V+4
j  java.awt.EventDispatchThread.pumpEvents(Ljava/awt/Conditional;)V+3
j  java.awt.EventDispatchThread.run()V+9
v  ~StubRoutines::call_stub

---------------  P R O C E S S  ---------------

Java Threads: ( => current thread )
  0x000000001bd5a800 JavaThread "Thread-0" daemon [_thread_in_native, id=7544, stack(0x000000001c100000,0x000000001c200000)]
  0x00000000227cd800 JavaThread "SIGINT handler" daemon [_thread_blocked, id=8944, stack(0x00000000198e0000,0x00000000199e0000)]
  0x0000000002c21000 JavaThread "DestroyJavaVM" [_thread_blocked, id=6800, stack(0x0000000002af0000,0x0000000002bf0000)]
  0x000000001ba21800 JavaThread "TimerQueue" daemon [_thread_blocked, id=9200, stack(0x000000001c510000,0x000000001c610000)]
=>0x000000001ba21000 JavaThread "AWT-EventQueue-0" [_thread_in_native, id=4040, stack(0x000000001c000000,0x000000001c100000)]
  0x000000001b974000 JavaThread "AWT-Shutdown" [_thread_blocked, id=6032, stack(0x0000000019f30000,0x000000001a030000)]
  0x0000000019363000 JavaThread "Java2D Disposer" daemon [_thread_blocked, id=4824, stack(0x00000000197e0000,0x00000000198e0000)]
  0x000000001901d000 JavaThread "Service Thread" daemon [_thread_blocked, id=5620, stack(0x00000000193f0000,0x00000000194f0000)]
  0x0000000017796800 JavaThread "C1 CompilerThread2" daemon [_thread_blocked, id=6648, stack(0x0000000018ef0000,0x0000000018ff0000)]
  0x0000000017793000 JavaThread "C2 CompilerThread1" daemon [_thread_in_native, id=8408, stack(0x0000000018df0000,0x0000000018ef0000)]
  0x000000001778d800 JavaThread "C2 CompilerThread0" daemon [_thread_blocked, id=4600, stack(0x0000000018cf0000,0x0000000018df0000)]
  0x000000001778b000 JavaThread "Attach Listener" daemon [_thread_blocked, id=3320, stack(0x0000000018bf0000,0x0000000018cf0000)]
  0x000000001778a000 JavaThread "Signal Dispatcher" daemon [_thread_blocked, id=6592, stack(0x0000000018af0000,0x0000000018bf0000)]
  0x0000000002d10000 JavaThread "Finalizer" daemon [_thread_blocked, id=4692, stack(0x00000000189f0000,0x0000000018af0000)]
  0x0000000002d0d000 JavaThread "Reference Handler" daemon [_thread_blocked, id=8792, stack(0x00000000188f0000,0x00000000189f0000)]

Other Threads:
  0x0000000017756000 VMThread [stack: 0x00000000187f0000,0x00000000188f0000] [id=8732]
  0x0000000019023000 WatcherThread [stack: 0x00000000194f0000,0x00000000195f0000] [id=9044]

VM state:not at safepoint (normal execution)

VM Mutex/Monitor currently owned by a thread: None

Heap:
 PSYoungGen      total 88576K, used 74337K [0x00000000d6500000, 0x00000000dcc80000, 0x0000000100000000)
  eden space 83456K, 83% used [0x00000000d6500000,0x00000000da916ca8,0x00000000db680000)
  from space 5120K, 90% used [0x00000000dbb80000,0x00000000dc001830,0x00000000dc080000)
  to   space 5120K, 0% used [0x00000000db680000,0x00000000db680000,0x00000000dbb80000)
 ParOldGen       total 197632K, used 60809K [0x0000000082e00000, 0x000000008ef00000, 0x00000000d6500000)
  object space 197632K, 30% used [0x0000000082e00000,0x00000000869627c0,0x000000008ef00000)
 Metaspace       used 10508K, capacity 10692K, committed 11008K, reserved 1058816K
  class space    used 1184K, capacity 1250K, committed 1280K, reserved 1048576K

Card table byte_map: [0x00000000120e0000,0x00000000124d0000] byte_map_base: 0x0000000011cc9000

Marking Bits: (ParMarkBitMap*) 0x0000000050e0b460
 Begin Bits: [0x0000000012b70000, 0x0000000014ab8000)
 End Bits:   [0x0000000014ab8000, 0x0000000016a00000)

Polling page: 0x00000000011a0000

CodeCache: size=245760Kb used=5586Kb max_used=5600Kb free=240173Kb
 bounds [0x0000000002d20000, 0x00000000032b0000, 0x0000000011d20000]
 total_blobs=1969 nmethods=1501 adapters=382
 compilation: enabled

Compilation events (10 events):
Event: 33.796 Thread 0x000000001778d800 1499       4       java.awt.event.InvocationEvent::<init> (52 bytes)
Event: 33.806 Thread 0x000000001778d800 nmethod 1499 0x000000000327b4d0 code [0x000000000327b660, 0x000000000327bde0]
Event: 33.806 Thread 0x000000001778d800 1500   !   4       java.awt.event.InvocationEvent::finishedDispatching (53 bytes)
Event: 33.807 Thread 0x000000001778d800 nmethod 1500 0x00000000032842d0 code [0x0000000003284400, 0x0000000003284498]
Event: 33.904 Thread 0x000000001778d800 1501       4       sun.java2d.SunGraphics2D::transformShape (36 bytes)
Event: 33.908 Thread 0x000000001778d800 nmethod 1501 0x000000000327af10 code [0x000000000327b060, 0x000000000327b2a8]
Event: 33.917 Thread 0x000000001778d800 1502       4       com.sun.java.swing.SwingUtilities3::getDelegateRepaintManager (72 bytes)
Event: 33.919 Thread 0x000000001778d800 nmethod 1502 0x00000000032858d0 code [0x0000000003285a40, 0x0000000003285b78]
Event: 33.942 Thread 0x000000001778d800 1503       4       java.util.IdentityHashMap$KeyIterator::next (13 bytes)
Event: 33.944 Thread 0x000000001778d800 nmethod 1503 0x0000000003285490 code [0x00000000032855e0, 0x0000000003285728]

GC Heap History (10 events):
Event: 0.912 GC heap before
{Heap before GC invocations=2 (full 1):
 PSYoungGen      total 37888K, used 2512K [0x00000000d6500000, 0x00000000daf00000, 0x0000000100000000)
  eden space 32768K, 0% used [0x00000000d6500000,0x00000000d6500000,0x00000000d8500000)
  from space 5120K, 49% used [0x00000000d8500000,0x00000000d8774010,0x00000000d8a00000)
  to   space 5120K, 0% used [0x00000000daa00000,0x00000000daa00000,0x00000000daf00000)
 ParOldGen       total 86016K, used 58601K [0x0000000082e00000, 0x0000000088200000, 0x00000000d6500000)
  object space 86016K, 68% used [0x0000000082e00000,0x000000008673a730,0x0000000088200000)
 Metaspace       used 7883K, capacity 8044K, committed 8192K, reserved 1056768K
  class space    used 884K, capacity 928K, committed 1024K, reserved 1048576K
Event: 0.933 GC heap after
Heap after GC invocations=2 (full 1):
 PSYoungGen      total 37888K, used 0K [0x00000000d6500000, 0x00000000daf00000, 0x0000000100000000)
  eden space 32768K, 0% used [0x00000000d6500000,0x00000000d6500000,0x00000000d8500000)
  from space 5120K, 0% used [0x00000000d8500000,0x00000000d8500000,0x00000000d8a00000)
  to   space 5120K, 0% used [0x00000000daa00000,0x00000000daa00000,0x00000000daf00000)
 ParOldGen       total 129024K, used 21953K [0x0000000082e00000, 0x000000008ac00000, 0x00000000d6500000)
  object space 129024K, 17% used [0x0000000082e00000,0x0000000084370488,0x000000008ac00000)
 Metaspace       used 7882K, capacity 8042K, committed 8192K, reserved 1056768K
  class space    used 883K, capacity 927K, committed 1024K, reserved 1048576K
}
Event: 1.118 GC heap before
{Heap before GC invocations=3 (full 1):
 PSYoungGen      total 37888K, used 32768K [0x00000000d6500000, 0x00000000daf00000, 0x0000000100000000)
  eden space 32768K, 100% used [0x00000000d6500000,0x00000000d8500000,0x00000000d8500000)
  from space 5120K, 0% used [0x00000000d8500000,0x00000000d8500000,0x00000000d8a00000)
  to   space 5120K, 0% used [0x00000000daa00000,0x00000000daa00000,0x00000000daf00000)
 ParOldGen       total 129024K, used 21953K [0x0000000082e00000, 0x000000008ac00000, 0x00000000d6500000)
  object space 129024K, 17% used [0x0000000082e00000,0x0000000084370488,0x000000008ac00000)
 Metaspace       used 8741K, capacity 8874K, committed 9088K, reserved 1056768K
  class space    used 990K, capacity 1055K, committed 1152K, reserved 1048576K
Event: 1.123 GC heap after
Heap after GC invocations=3 (full 1):
 PSYoungGen      total 50688K, used 288K [0x00000000d6500000, 0x00000000daa80000, 0x0000000100000000)
  eden space 50176K, 0% used [0x00000000d6500000,0x00000000d6500000,0x00000000d9600000)
  from space 512K, 56% used [0x00000000daa00000,0x00000000daa48000,0x00000000daa80000)
  to   space 5120K, 0% used [0x00000000da080000,0x00000000da080000,0x00000000da580000)
 ParOldGen       total 129024K, used 44422K [0x0000000082e00000, 0x000000008ac00000, 0x00000000d6500000)
  object space 129024K, 34% used [0x0000000082e00000,0x0000000085961868,0x000000008ac00000)
 Metaspace       used 8741K, capacity 8874K, committed 9088K, reserved 1056768K
  class space    used 990K, capacity 1055K, committed 1152K, reserved 1048576K
}
Event: 1.297 GC heap before
{Heap before GC invocations=4 (full 1):
 PSYoungGen      total 50688K, used 50464K [0x00000000d6500000, 0x00000000daa80000, 0x0000000100000000)
  eden space 50176K, 100% used [0x00000000d6500000,0x00000000d9600000,0x00000000d9600000)
  from space 512K, 56% used [0x00000000daa00000,0x00000000daa48000,0x00000000daa80000)
  to   space 5120K, 0% used [0x00000000da080000,0x00000000da080000,0x00000000da580000)
 ParOldGen       total 129024K, used 44422K [0x0000000082e00000, 0x000000008ac00000, 0x00000000d6500000)
  object space 129024K, 34% used [0x0000000082e00000,0x0000000085961868,0x000000008ac00000)
 Metaspace       used 8745K, capacity 8874K, committed 9088K, reserved 1056768K
  class space    used 990K, capacity 1055K, committed 1152K, reserved 1048576K
Event: 1.313 GC heap after
Heap after GC invocations=4 (full 1):
 PSYoungGen      total 66048K, used 320K [0x00000000d6500000, 0x00000000dc080000, 0x0000000100000000)
  eden space 60928K, 0% used [0x00000000d6500000,0x00000000d6500000,0x00000000da080000)
  from space 5120K, 6% used [0x00000000da080000,0x00000000da0d0000,0x00000000da580000)
  to   space 5120K, 0% used [0x00000000dbb80000,0x00000000dbb80000,0x00000000dc080000)
 ParOldGen       total 129024K, used 100582K [0x0000000082e00000, 0x000000008ac00000, 0x00000000d6500000)
  object space 129024K, 77% used [0x0000000082e00000,0x0000000089039a18,0x000000008ac00000)
 Metaspace       used 8745K, capacity 8874K, committed 9088K, reserved 1056768K
  class space    used 990K, capacity 1055K, committed 1152K, reserved 1048576K
}
Event: 1.313 GC heap before
{Heap before GC invocations=5 (full 2):
 PSYoungGen      total 66048K, used 320K [0x00000000d6500000, 0x00000000dc080000, 0x0000000100000000)
  eden space 60928K, 0% used [0x00000000d6500000,0x00000000d6500000,0x00000000da080000)
  from space 5120K, 6% used [0x00000000da080000,0x00000000da0d0000,0x00000000da580000)
  to   space 5120K, 0% used [0x00000000dbb80000,0x00000000dbb80000,0x00000000dc080000)
 ParOldGen       total 129024K, used 100582K [0x0000000082e00000, 0x000000008ac00000, 0x00000000d6500000)
  object space 129024K, 77% used [0x0000000082e00000,0x0000000089039a18,0x000000008ac00000)
 Metaspace       used 8745K, capacity 8874K, committed 9088K, reserved 1056768K
  class space    used 990K, capacity 1055K, committed 1152K, reserved 1048576K
Event: 1.326 GC heap after
Heap after GC invocations=5 (full 2):
 PSYoungGen      total 66048K, used 0K [0x00000000d6500000, 0x00000000dc080000, 0x0000000100000000)
  eden space 60928K, 0% used [0x00000000d6500000,0x00000000d6500000,0x00000000da080000)
  from space 5120K, 0% used [0x00000000da080000,0x00000000da080000,0x00000000da580000)
  to   space 5120K, 0% used [0x00000000dbb80000,0x00000000dbb80000,0x00000000dc080000)
 ParOldGen       total 197632K, used 55927K [0x0000000082e00000, 0x000000008ef00000, 0x00000000d6500000)
  object space 197632K, 28% used [0x0000000082e00000,0x000000008649dc70,0x000000008ef00000)
 Metaspace       used 8745K, capacity 8874K, committed 9088K, reserved 1056768K
  class space    used 990K, capacity 1055K, committed 1152K, reserved 1048576K
}
Event: 1.623 GC heap before
{Heap before GC invocations=6 (full 2):
 PSYoungGen      total 66048K, used 60519K [0x00000000d6500000, 0x00000000dc080000, 0x0000000100000000)
  eden space 60928K, 99% used [0x00000000d6500000,0x00000000da019fd0,0x00000000da080000)
  from space 5120K, 0% used [0x00000000da080000,0x00000000da080000,0x00000000da580000)
  to   space 5120K, 0% used [0x00000000dbb80000,0x00000000dbb80000,0x00000000dc080000)
 ParOldGen       total 197632K, used 55927K [0x0000000082e00000, 0x000000008ef00000, 0x00000000d6500000)
  object space 197632K, 28% used [0x0000000082e00000,0x000000008649dc70,0x000000008ef00000)
 Metaspace       used 9956K, capacity 10076K, committed 10240K, reserved 1058816K
  class space    used 1171K, capacity 1218K, committed 1280K, reserved 1048576K
Event: 1.628 GC heap after
Heap after GC invocations=6 (full 2):
 PSYoungGen      total 88576K, used 4614K [0x00000000d6500000, 0x00000000dcc80000, 0x0000000100000000)
  eden space 83456K, 0% used [0x00000000d6500000,0x00000000d6500000,0x00000000db680000)
  from space 5120K, 90% used [0x00000000dbb80000,0x00000000dc001830,0x00000000dc080000)
  to   space 5120K, 0% used [0x00000000db680000,0x00000000db680000,0x00000000dbb80000)
 ParOldGen       total 197632K, used 60809K [0x0000000082e00000, 0x000000008ef00000, 0x00000000d6500000)
  object space 197632K, 30% used [0x0000000082e00000,0x00000000869627c0,0x000000008ef00000)
 Metaspace       used 9956K, capacity 10076K, committed 10240K, reserved 1058816K
  class space    used 1171K, capacity 1218K, committed 1280K, reserved 1048576K
}

Deoptimization events (10 events):
Event: 0.583 Thread 0x0000000002c21000 Uncommon trap: reason=class_check action=maybe_recompile pc=0x0000000002eb6fdc method=java.lang.String.equals(Ljava/lang/Object;)Z @ 8
Event: 0.774 Thread 0x0000000002c21000 Uncommon trap: reason=class_check action=maybe_recompile pc=0x0000000002f4ece8 method=java.util.HashMap.getNode(ILjava/lang/Object;)Ljava/util/HashMap$Node; @ 59
Event: 1.056 Thread 0x0000000002c21000 Uncommon trap: reason=class_check action=maybe_recompile pc=0x0000000002f4ece8 method=java.util.HashMap.getNode(ILjava/lang/Object;)Ljava/util/HashMap$Node; @ 59
Event: 1.344 Thread 0x0000000002c21000 Uncommon trap: reason=class_check action=maybe_recompile pc=0x0000000002f4ece8 method=java.util.HashMap.getNode(ILjava/lang/Object;)Ljava/util/HashMap$Node; @ 59
Event: 1.430 Thread 0x0000000019368800 Uncommon trap: reason=class_check action=maybe_recompile pc=0x0000000002fe9b48 method=java.util.HashMap.putVal(ILjava/lang/Object;Ljava/lang/Object;ZZ)Ljava/lang/Object; @ 203
Event: 1.431 Thread 0x0000000019368800 Uncommon trap: reason=class_check action=maybe_recompile pc=0x0000000002fe9b04 method=java.util.HashMap.putVal(ILjava/lang/Object;Ljava/lang/Object;ZZ)Ljava/lang/Object; @ 91
Event: 1.431 Thread 0x0000000019368800 Uncommon trap: reason=class_check action=maybe_recompile pc=0x0000000002fe9b48 method=java.util.HashMap.putVal(ILjava/lang/Object;Ljava/lang/Object;ZZ)Ljava/lang/Object; @ 203
Event: 1.431 Thread 0x0000000019368800 Uncommon trap: reason=class_check action=maybe_recompile pc=0x0000000002fe9b48 method=java.util.HashMap.putVal(ILjava/lang/Object;Ljava/lang/Object;ZZ)Ljava/lang/Object; @ 203
Event: 1.474 Thread 0x0000000002c21000 Uncommon trap: reason=predicate action=maybe_recompile pc=0x0000000002ee3a6c method=java.util.ArrayList.indexOf(Ljava/lang/Object;)I @ 44
Event: 1.612 Thread 0x000000001ba21000 Uncommon trap: reason=unreached action=reinterpret pc=0x0000000002f2f074 method=java.lang.ThreadLocal.get()Ljava/lang/Object; @ 11

Internal exceptions (10 events):
Event: 0.398 Thread 0x0000000002c21000 Exception <a 'java/security/PrivilegedActionException'> (0x00000000d6910f70) thrown at [D:\re\workspace\8-2-build-windows-amd64-cygwin\jdk8u20\1074\hotspot\src\share\vm\prims\jvm.cpp, line 1275]
Event: 0.773 Thread 0x0000000002c21000 Exception <a 'java/security/PrivilegedActionException'> (0x00000000d6eccae0) thrown at [D:\re\workspace\8-2-build-windows-amd64-cygwin\jdk8u20\1074\hotspot\src\share\vm\prims\jvm.cpp, line 1275]
Event: 1.053 Thread 0x0000000002c21000 Exception <a 'java/security/PrivilegedActionException'> (0x00000000d7585cd0) thrown at [D:\re\workspace\8-2-build-windows-amd64-cygwin\jdk8u20\1074\hotspot\src\share\vm\prims\jvm.cpp, line 1275]
Event: 1.053 Thread 0x0000000002c21000 Exception <a 'java/security/PrivilegedActionException'> (0x00000000d75885b0) thrown at [D:\re\workspace\8-2-build-windows-amd64-cygwin\jdk8u20\1074\hotspot\src\share\vm\prims\jvm.cpp, line 1275]
Event: 1.055 Thread 0x0000000002c21000 Exception <a 'java/security/PrivilegedActionException'> (0x00000000d758f430) thrown at [D:\re\workspace\8-2-build-windows-amd64-cygwin\jdk8u20\1074\hotspot\src\share\vm\prims\jvm.cpp, line 1275]
Event: 1.066 Thread 0x000000001b839000 Exception <a 'java/io/FileNotFoundException'> (0x00000000d75c9250) thrown at [D:\re\workspace\8-2-build-windows-amd64-cygwin\jdk8u20\1074\hotspot\src\share\vm\prims\jni.cpp, line 716]
Event: 1.069 Thread 0x000000001b839000 Exception <a 'java/security/PrivilegedActionException'> (0x00000000d75d3b58) thrown at [D:\re\workspace\8-2-build-windows-amd64-cygwin\jdk8u20\1074\hotspot\src\share\vm\prims\jvm.cpp, line 1275]
Event: 1.069 Thread 0x000000001b839000 Exception <a 'java/security/PrivilegedActionException'> (0x00000000d75d5398) thrown at [D:\re\workspace\8-2-build-windows-amd64-cygwin\jdk8u20\1074\hotspot\src\share\vm\prims\jvm.cpp, line 1275]
Event: 1.343 Thread 0x0000000002c21000 Exception <a 'java/security/PrivilegedActionException'> (0x00000000d694df28) thrown at [D:\re\workspace\8-2-build-windows-amd64-cygwin\jdk8u20\1074\hotspot\src\share\vm\prims\jvm.cpp, line 1275]
Event: 1.612 Thread 0x000000001ba21000 Implicit null exception at 0x0000000002f2efda to 0x0000000002f2f061

Events (10 events):
Event: 33.939 loading class sun/misc/Signal$1
Event: 33.939 loading class sun/misc/Signal$1 done
Event: 33.939 Thread 0x00000000227cd800 Thread added: 0x00000000227cd800
Event: 33.940 Thread 0x0000000021bb3000 Thread added: 0x0000000021bb3000
Event: 33.940 Thread 0x000000001bd5a800 Thread added: 0x000000001bd5a800
Event: 33.941 Thread 0x000000001bb29000 Thread exited: 0x000000001bb29000
Event: 33.943 Thread 0x0000000021bb3000 Thread exited: 0x0000000021bb3000
Event: 33.944 loading class sun/java2d/pipe/hw/AccelDeviceEventNotifier
Event: 33.944 loading class sun/java2d/pipe/hw/AccelDeviceEventNotifier done
Event: 33.957 Thread 0x0000000019368800 Thread exited: 0x0000000019368800


Dynamic libraries:
0x00007ff632b10000 - 0x00007ff632b44000 	C:\Program Files\Java\jdk1.8.0_20\bin\java.exe
0x00007fff7fb20000 - 0x00007fff7fccc000 	C:\WINDOWS\SYSTEM32\ntdll.dll
0x00007fff7ed00000 - 0x00007fff7ee3e000 	C:\WINDOWS\system32\KERNEL32.DLL
0x00007fff7cd40000 - 0x00007fff7ce55000 	C:\WINDOWS\system32\KERNELBASE.dll
0x00007fff7b810000 - 0x00007fff7b89e000 	C:\WINDOWS\system32\apphelp.dll
0x00007fff6fa50000 - 0x00007fff6faa3000 	C:\WINDOWS\AppPatch\AppPatch64\AcGenral.DLL
0x00007fff7ebf0000 - 0x00007fff7ec9a000 	C:\WINDOWS\system32\msvcrt.dll
0x00007fff7ca40000 - 0x00007fff7ca6e000 	C:\WINDOWS\SYSTEM32\SspiCli.dll
0x00007fff7fac0000 - 0x00007fff7fb14000 	C:\WINDOWS\system32\SHLWAPI.dll
0x00007fff7d260000 - 0x00007fff7d3d7000 	C:\WINDOWS\system32\USER32.dll
0x00007fff7f230000 - 0x00007fff7f3c4000 	C:\WINDOWS\system32\ole32.dll
0x00007fff7d490000 - 0x00007fff7e9a8000 	C:\WINDOWS\system32\SHELL32.dll
0x00007fff7c210000 - 0x00007fff7c231000 	C:\WINDOWS\SYSTEM32\USERENV.dll
0x00007fff7d3e0000 - 0x00007fff7d48a000 	C:\WINDOWS\system32\ADVAPI32.dll
0x00007fff7a0f0000 - 0x00007fff7a10e000 	C:\WINDOWS\SYSTEM32\MPR.dll
0x00007fff7f000000 - 0x00007fff7f141000 	C:\WINDOWS\system32\RPCRT4.dll
0x00007fff7f3d0000 - 0x00007fff7f429000 	C:\WINDOWS\SYSTEM32\sechost.dll
0x00007fff7f4a0000 - 0x00007fff7f6b1000 	C:\WINDOWS\SYSTEM32\combase.dll
0x00007fff7f8f0000 - 0x00007fff7fa41000 	C:\WINDOWS\system32\GDI32.dll
0x00007fff7cc70000 - 0x00007fff7cc85000 	C:\WINDOWS\SYSTEM32\profapi.dll
0x00007fff7b030000 - 0x00007fff7b0e2000 	C:\WINDOWS\SYSTEM32\SHCORE.dll
0x00007fff7f6d0000 - 0x00007fff7f706000 	C:\WINDOWS\system32\IMM32.DLL
0x00007fff7e9d0000 - 0x00007fff7eb22000 	C:\WINDOWS\system32\MSCTF.dll
0x00007fff7ab90000 - 0x00007fff7ae0b000 	C:\WINDOWS\WinSxS\amd64_microsoft.windows.common-controls_6595b64144ccf1df_6.0.9600.17784_none_624760d1ecb7236e\COMCTL32.dll
0x0000000051ff0000 - 0x00000000520c2000 	C:\Program Files\Java\jdk1.8.0_20\jre\bin\msvcr100.dll
0x0000000050630000 - 0x0000000050e88000 	C:\Program Files\Java\jdk1.8.0_20\jre\bin\server\jvm.dll
0x00007fff755e0000 - 0x00007fff755e9000 	C:\WINDOWS\SYSTEM32\WSOCK32.dll
0x00007fff75680000 - 0x00007fff756a2000 	C:\WINDOWS\SYSTEM32\WINMM.dll
0x00007fff7fa50000 - 0x00007fff7fa57000 	C:\WINDOWS\system32\PSAPI.DLL
0x00007fff7fa60000 - 0x00007fff7faba000 	C:\WINDOWS\system32\WS2_32.dll
0x00007fff75650000 - 0x00007fff7567a000 	C:\WINDOWS\SYSTEM32\WINMMBASE.dll
0x00007fff7f6c0000 - 0x00007fff7f6c9000 	C:\WINDOWS\system32\NSI.dll
0x00007fff7d0a0000 - 0x00007fff7d0ef000 	C:\WINDOWS\SYSTEM32\cfgmgr32.dll
0x00007fff7ba60000 - 0x00007fff7ba88000 	C:\WINDOWS\SYSTEM32\DEVOBJ.dll
0x0000000051fe0000 - 0x0000000051fef000 	C:\Program Files\Java\jdk1.8.0_20\jre\bin\verify.dll
0x0000000051fb0000 - 0x0000000051fd8000 	C:\Program Files\Java\jdk1.8.0_20\jre\bin\java.dll
0x0000000051f90000 - 0x0000000051fa6000 	C:\Program Files\Java\jdk1.8.0_20\jre\bin\zip.dll
0x0000000051df0000 - 0x0000000051f88000 	C:\Program Files\Java\jdk1.8.0_20\jre\bin\awt.dll
0x00007fff7f160000 - 0x00007fff7f221000 	C:\WINDOWS\system32\OLEAUT32.dll
0x00007fff7ae10000 - 0x00007fff7ae31000 	C:\WINDOWS\system32\DWMAPI.DLL
0x00007fff7b8b0000 - 0x00007fff7b9d9000 	C:\WINDOWS\system32\uxtheme.dll
0x00007fff7bab0000 - 0x00007fff7babb000 	C:\WINDOWS\SYSTEM32\kernel.appcore.dll
0x00007fff7cae0000 - 0x00007fff7caeb000 	C:\WINDOWS\SYSTEM32\CRYPTBASE.dll
0x00007fff7ca70000 - 0x00007fff7cad3000 	C:\WINDOWS\SYSTEM32\bcryptPrimitives.dll
0x00007fff5d1c0000 - 0x00007fff5d3ef000 	C:\Program Files\Acer\Acer Power Management\SysHook.dll
0x00007fff74740000 - 0x00007fff74747000 	C:\WINDOWS\SYSTEM32\MSIMG32.dll
0x00007fff7d1a0000 - 0x00007fff7d256000 	C:\WINDOWS\system32\COMDLG32.dll
0x00007fff703a0000 - 0x00007fff70422000 	C:\WINDOWS\SYSTEM32\WINSPOOL.DRV
0x00007fff6fb30000 - 0x00007fff6fce0000 	C:\WINDOWS\WinSxS\amd64_microsoft.windows.gdiplus_6595b64144ccf1df_1.1.9600.17415_none_932b3b5547500489\gdiplus.dll
0x00007fff781a0000 - 0x00007fff7820a000 	C:\WINDOWS\SYSTEM32\OLEACC.dll
0x0000000051a20000 - 0x0000000051a67000 	C:\Program Files\Java\jdk1.8.0_20\jre\bin\fontmanager.dll
0x0000000051dd0000 - 0x0000000051dea000 	C:\Program Files\Java\jdk1.8.0_20\jre\bin\net.dll
0x00007fff7c480000 - 0x00007fff7c4d9000 	C:\WINDOWS\system32\mswsock.dll
0x0000000051a00000 - 0x0000000051a11000 	C:\Program Files\Java\jdk1.8.0_20\jre\bin\nio.dll
0x00000000519b0000 - 0x00000000519f1000 	C:\Program Files\Java\jdk1.8.0_20\jre\bin\t2k.dll
0x00007fff7eb30000 - 0x00007fff7ebe6000 	C:\WINDOWS\SYSTEM32\clbcatq.dll
0x00007fff6fce0000 - 0x00007fff6fe69000 	C:\WINDOWS\SYSTEM32\dbghelp.dll

VM Arguments:
java_command: Game
java_class_path (initial): C:\Users\jenjo_000\Documents\GitHub\FinalProject;C:\Program Files\Java\jdk1.8.0_20\jre\lib\rt.jar;C:\Program Files\Java\jdk1.8.0_20\lib\dt.jar;C:\Program Files\Java\jdk1.8.0_20\lib\tools.jar;C:\Program Files\Java\jdk1.8.0_20\jre\lib\ext\access-bridge-64.jar;C:\Program Files\Java\jdk1.8.0_20\jre\lib\ext\cldrdata.jar;C:\Program Files\Java\jdk1.8.0_20\jre\lib\ext\dnsns.jar;C:\Program Files\Java\jdk1.8.0_20\jre\lib\ext\jaccess.jar;C:\Program Files\Java\jdk1.8.0_20\jre\lib\ext\jfxrt.jar;C:\Program Files\Java\jdk1.8.0_20\jre\lib\ext\localedata.jar;C:\Program Files\Java\jdk1.8.0_20\jre\lib\ext\nashorn.jar;C:\Program Files\Java\jdk1.8.0_20\jre\lib\ext\sunec.jar;C:\Program Files\Java\jdk1.8.0_20\jre\lib\ext\sunjce_provider.jar;C:\Program Files\Java\jdk1.8.0_20\jre\lib\ext\sunmscapi.jar;C:\Program Files\Java\jdk1.8.0_20\jre\lib\ext\sunpkcs11.jar;C:\Program Files\Java\jdk1.8.0_20\jre\lib\ext\zipfs.jar
Launcher Type: SUN_STANDARD

Environment Variables:
PATH=C:\ProgramData\Oracle\Java\javapath;C:\Program Files (x86)\Intel\iCLS Client\;C:\Program Files\Intel\iCLS Client\;C:\WINDOWS\system32;C:\WINDOWS;C:\WINDOWS\System32\Wbem;C:\WINDOWS\System32\WindowsPowerShell\v1.0\;C:\Program Files (x86)\EgisTec MyWinLocker\x64;C:\Program Files (x86)\EgisTec MyWinLocker\;C:\Program Files (x86)\Intel\OpenCL SDK\2.0\bin\x86;C:\Program Files (x86)\Intel\OpenCL SDK\2.0\bin\x64;C:\Program Files\Intel\Intel(R) Management Engine Components\DAL;C:\Program Files\Intel\Intel(R) Management Engine Components\IPT;C:\Program Files (x86)\Intel\Intel(R) Management Engine Components\DAL;C:\Program Files (x86)\Intel\Intel(R) Management Engine Components\IPT;C:\Program Files (x86)\Windows Live\Shared;C:\Program Files (x86)\Skype\Phone\
USERNAME=jenjo_000
OS=Windows_NT
PROCESSOR_IDENTIFIER=Intel64 Family 6 Model 58 Stepping 9, GenuineIntel



---------------  S Y S T E M  ---------------

OS: Windows 8.1 , 64 bit Build 9600 

CPU:total 4 (2 cores per cpu, 2 threads per core) family 6 model 58 stepping 9, cmov, cx8, fxsr, mmx, sse, sse2, sse3, ssse3, sse4.1, sse4.2, popcnt, avx, aes, clmul, erms, ht, tsc, tscinvbit, tscinv

Memory: 4k page, physical 8199448k(3937300k free), swap 9510168k(4491944k free)

vm_info: Java HotSpot(TM) 64-Bit Server VM (25.20-b23) for windows-amd64 JRE (1.8.0_20-b26), built on Jul 30 2014 13:51:23 by "java_re" with MS VC++ 10.0 (VS2010)

time: Wed Jun 10 19:45:06 2015
elapsed time: 34 seconds (0d 0h 0m 34s)

