#
# A fatal error has been detected by the Java Runtime Environment:
#
#  EXCEPTION_ACCESS_VIOLATION (0xc0000005) at pc=0x77e4df63, pid=55148, tid=46232
#
# JRE version: Java(TM) SE Runtime Environment (8.0_20-b26) (build 1.8.0_20-b26)
# Java VM: Java HotSpot(TM) Client VM (25.20-b23 mixed mode windows-x86 )
# Problematic frame:
# C  [ntdll.dll+0x1df63]
#
# Failed to write core dump. Minidumps are not enabled by default on client versions of Windows
#
# If you would like to submit a bug report, please visit:
#   http://bugreport.sun.com/bugreport/crash.jsp
# The crash happened outside the Java Virtual Machine in native code.
# See problematic frame for where to report the bug.
#

---------------  T H R E A D  ---------------

Current thread (0x1700b000):  JavaThread "AWT-EventQueue-0" [_thread_in_native, id=46232, stack(0x17430000,0x17480000)]

siginfo: ExceptionCode=0xc0000005, writing address 0x00000014

Registers:
EAX=0x00000000, EBX=0x00000438, ECX=0xfffffffc, EDX=0x00000000
ESP=0x1747e9a0, EBP=0x1747ea00, ESI=0x0095bb44, EDI=0x00000000
EIP=0x77e4df63, EFLAGS=0x00010213

Top of Stack: (sp=0x1747e9a0)
0x1747e9a0:   00000000 0095bb48 0095bb44 de8eb28e
0x1747e9b0:   0095bb44 00000000 7f598000 00000000
0x1747e9c0:   00000000 00000000 546a87d5 1700b000
0x1747e9d0:   00000006 00000004 16fde9c8 1700b138
0x1747e9e0:   00000000 548970d4 0244f2e0 1700b000
0x1747e9f0:   00000000 0000000e 1747e980 be30767e
0x1747ea00:   1747ea2c 77e4de0b 00000000 1747ea68
0x1747ea10:   00000001 00000000 0095bb44 00000001 

Instructions: (pc=0x77e4df63)
0x77e4df43:   c2 f0 0f b1 0e 8b 75 b0 3b c2 0f 85 cf 5e fe ff
0x77e4df53:   83 65 c0 00 33 c0 89 45 c4 8b 06 83 f8 ff 74 03
0x77e4df63:   ff 40 14 b8 82 03 fe 7f 8a 08 84 c9 0f 85 c8 34
0x77e4df73:   06 00 57 6a 00 83 fb ff 0f 84 0b 35 06 00 53 e8 


Register to memory mapping:

EAX=0x00000000 is an unknown value
EBX=0x00000438 is an unknown value
ECX=0xfffffffc is an unknown value
EDX=0x00000000 is an unknown value
ESP=0x1747e9a0 is pointing into the stack for thread: 0x1700b000
EBP=0x1747ea00 is pointing into the stack for thread: 0x1700b000
ESI=0x0095bb44 is an unknown value
EDI=0x00000000 is an unknown value


Stack: [0x17430000,0x17480000],  sp=0x1747e9a0,  free space=314k
Native frames: (J=compiled Java code, j=interpreted, Vv=VM code, C=native code)
C  [ntdll.dll+0x1df63]
C  [ntdll.dll+0x1de0b]
C  [ntdll.dll+0x1de35]
C  0x699b846c
C  0x69a00655
C  [awt.dll+0x18be0]

Java frames: (J=compiled Java code, j=interpreted, Vv=VM code)
j  sun.java2d.d3d.D3DSurfaceData.initOps(III)V+0
j  sun.java2d.d3d.D3DSurfaceData.<init>(Lsun/awt/windows/WComponentPeer;Lsun/java2d/d3d/D3DGraphicsConfig;IILjava/awt/Image;Ljava/awt/image/ColorModel;IILsun/java2d/pipe/hw/ExtendedBufferCapabilities$VSyncType;I)V+76
j  sun.java2d.d3d.D3DSurfaceData.createData(Lsun/java2d/d3d/D3DGraphicsConfig;IILjava/awt/image/ColorModel;Ljava/awt/Image;I)Lsun/java2d/d3d/D3DSurfaceData;+70
j  sun.java2d.d3d.D3DVolatileSurfaceManager.initAcceleratedSurface()Lsun/java2d/SurfaceData;+133
j  sun.java2d.d3d.D3DVolatileSurfaceManager.restoreAcceleratedSurface()V+62
J 679 C1 sun.awt.image.VolatileSurfaceManager.validate(Ljava/awt/GraphicsConfiguration;)I (204 bytes) @ 0x026afc10 [0x026afaf0+0x120]
J 614 C1 sun.awt.image.SunVolatileImage.validate(Ljava/awt/GraphicsConfiguration;)I (9 bytes) @ 0x02699978 [0x02699950+0x28]
J 515 C1 javax.swing.RepaintManager$PaintManager.paint(Ljavax/swing/JComponent;Ljavax/swing/JComponent;Ljava/awt/Graphics;IIII)Z (189 bytes) @ 0x0267b9fc [0x0267b7d0+0x22c]
J 612 C1 javax.swing.RepaintManager.paint(Ljavax/swing/JComponent;Ljavax/swing/JComponent;Ljava/awt/Graphics;IIII)V (93 bytes) @ 0x02697e1c [0x02697c40+0x1dc]
J 284 C1 javax.swing.JComponent._paintImmediately(IIII)V (891 bytes) @ 0x0263ab64 [0x0263a1b0+0x9b4]
J 671 C1 javax.swing.JComponent.paintImmediately(IIII)V (155 bytes) @ 0x026ad078 [0x026ace80+0x1f8]
J 603 C1 javax.swing.RepaintManager$4.run()Ljava/lang/Void; (278 bytes) @ 0x0269470c [0x026945e0+0x12c]
J 602 C1 javax.swing.RepaintManager$4.run()Ljava/lang/Object; (5 bytes) @ 0x02694320 [0x02694300+0x20]
v  ~StubRoutines::call_stub
J 369  java.security.AccessController.doPrivileged(Ljava/security/PrivilegedAction;Ljava/security/AccessControlContext;)Ljava/lang/Object; (0 bytes) @ 0x0265a5c7 [0x0265a560+0x67]
J 348 C1 javax.swing.RepaintManager.paintDirtyRegions(Ljava/util/Map;)V (196 bytes) @ 0x02650cd0 [0x02650950+0x380]
J 595 C1 javax.swing.RepaintManager.paintDirtyRegions()V (50 bytes) @ 0x02692ba4 [0x02692a60+0x144]
J 583 C1 javax.swing.RepaintManager.prePaintDirtyRegions()V (91 bytes) @ 0x0268f4f4 [0x0268f330+0x1c4]
J 592 C1 javax.swing.RepaintManager$ProcessingRunnable.run()V (41 bytes) @ 0x026918e4 [0x026917b0+0x134]
J 450 C1 java.awt.event.InvocationEvent.dispatch()V (69 bytes) @ 0x0266dbdc [0x0266daf0+0xec]
J 432 C1 java.awt.EventQueue.dispatchEventImpl(Ljava/awt/AWTEvent;Ljava/lang/Object;)V (149 bytes) @ 0x02668cb8 [0x02668870+0x448]
J 429 C1 java.awt.EventQueue$3.run()Ljava/lang/Void; (60 bytes) @ 0x0266801c [0x02667fc0+0x5c]
J 428 C1 java.awt.EventQueue$3.run()Ljava/lang/Object; (5 bytes) @ 0x02667da0 [0x02667d80+0x20]
v  ~StubRoutines::call_stub
J 369  java.security.AccessController.doPrivileged(Ljava/security/PrivilegedAction;Ljava/security/AccessControlContext;)Ljava/lang/Object; (0 bytes) @ 0x0265a5c7 [0x0265a560+0x67]
J 424 C1 java.awt.EventQueue.dispatchEvent(Ljava/awt/AWTEvent;)V (80 bytes) @ 0x02666c34 [0x02666a80+0x1b4]
J 293 C1 java.awt.EventDispatchThread.pumpOneEventForFilters(I)V (295 bytes) @ 0x02641b14 [0x02641480+0x694]
J 687% C1 java.awt.EventDispatchThread.pumpEventsForFilter(ILjava/awt/Conditional;Ljava/awt/EventFilter;)V (47 bytes) @ 0x026b56fc [0x026b5640+0xbc]
j  java.awt.EventDispatchThread.pumpEventsForHierarchy(ILjava/awt/Conditional;Ljava/awt/Component;)V+11
j  java.awt.EventDispatchThread.pumpEvents(ILjava/awt/Conditional;)V+4
j  java.awt.EventDispatchThread.pumpEvents(Ljava/awt/Conditional;)V+3
j  java.awt.EventDispatchThread.run()V+9
v  ~StubRoutines::call_stub

---------------  P R O C E S S  ---------------

Java Threads: ( => current thread )
  0x1702c800 JavaThread "SIGINT handler" daemon [_thread_blocked, id=5796, stack(0x16a90000,0x16ae0000)]
  0x007ec000 JavaThread "DestroyJavaVM" [_thread_blocked, id=51296, stack(0x008a0000,0x008f0000)]
  0x16fd8400 JavaThread "TimerQueue" daemon [_thread_blocked, id=55196, stack(0x174c0000,0x17510000)]
=>0x1700b000 JavaThread "AWT-EventQueue-0" [_thread_in_native, id=46232, stack(0x17430000,0x17480000)]
  0x14d04800 JavaThread "AWT-Shutdown" [_thread_blocked, id=54736, stack(0x154a0000,0x154f0000)]
  0x14d02c00 JavaThread "Java2D Disposer" daemon [_thread_blocked, id=51920, stack(0x15410000,0x15460000)]
  0x14bd5800 JavaThread "Service Thread" daemon [_thread_blocked, id=68004, stack(0x150d0000,0x15120000)]
  0x14bcd000 JavaThread "C1 CompilerThread0" daemon [_thread_blocked, id=59280, stack(0x15040000,0x15090000)]
  0x14bcc000 JavaThread "Attach Listener" daemon [_thread_blocked, id=70332, stack(0x14fb0000,0x15000000)]
  0x14c01000 JavaThread "Signal Dispatcher" daemon [_thread_blocked, id=65464, stack(0x14f20000,0x14f70000)]
  0x14ba5800 JavaThread "Finalizer" daemon [_thread_blocked, id=64640, stack(0x14e70000,0x14ec0000)]
  0x0252ec00 JavaThread "Reference Handler" daemon [_thread_blocked, id=64092, stack(0x14de0000,0x14e30000)]

Other Threads:
  0x0252b400 VMThread [stack: 0x14b50000,0x14ba0000] [id=65956]
  0x14bd6c00 WatcherThread [stack: 0x15160000,0x151b0000] [id=55748]

VM state:not at safepoint (normal execution)

VM Mutex/Monitor currently owned by a thread: None

Heap:
 def new generation   total 4928K, used 2914K [0x04600000, 0x04b50000, 0x09b50000)
  eden space 4416K,  65% used [0x04600000, 0x048d86b0, 0x04a50000)
  from space 512K,   0% used [0x04ad0000, 0x04ad0478, 0x04b50000)
  to   space 512K,   0% used [0x04a50000, 0x04a50000, 0x04ad0000)
 tenured generation   total 10944K, used 3402K [0x09b50000, 0x0a600000, 0x14600000)
   the space 10944K,  31% used [0x09b50000, 0x09ea2ae0, 0x09ea2c00, 0x0a600000)
 Metaspace       used 5424K, capacity 5557K, committed 5632K, reserved 6528K

Card table byte_map: [0x14600000,0x14690000] byte_map_base: 0x145dd000

Polling page: 0x008f0000

CodeCache: size=32768Kb used=1564Kb max_used=1564Kb free=31203Kb
 bounds [0x02530000, 0x026b8000, 0x04530000]
 total_blobs=894 nmethods=683 adapters=143
 compilation: enabled

Compilation events (10 events):
Event: 36.322 Thread 0x14bcd000  684             sun.awt.windows.WComponentPeer::getGraphics (188 bytes)
Event: 36.324 Thread 0x14bcd000 nmethod 684 0x026b0cc8 code [0x026b0e90, 0x026b1304]
Event: 56.374 Thread 0x14bcd000  685 % !         sun.java2d.d3d.D3DScreenUpdateManager::run @ 0 (267 bytes)
Event: 56.380 Thread 0x14bcd000 nmethod 685% 0x026b17c8 code [0x026b19e0, 0x026b26e8]
Event: 94.578 Thread 0x14bcd000  686 % !         sun.java2d.d3d.D3DScreenUpdateManager::run @ 105 (267 bytes)
Event: 94.583 Thread 0x14bcd000 nmethod 686% 0x026b35c8 code [0x026b37e0, 0x026b4548]
Event: 98.148 Thread 0x14bcd000  687 %           java.awt.EventDispatchThread::pumpEventsForFilter @ 10 (47 bytes)
Event: 98.150 Thread 0x14bcd000 nmethod 687% 0x026b5508 code [0x026b5640, 0x026b5830]
Event: 203.144 Thread 0x14bcd000  688 % !         javax.swing.TimerQueue::run @ 9 (237 bytes)
Event: 203.149 Thread 0x14bcd000 nmethod 688% 0x026b59c8 code [0x026b5c30, 0x026b64d0]

GC Heap History (10 events):
Event: 685.322 GC heap before
{Heap before GC invocations=30 (full 0):
 def new generation   total 4928K, used 4417K [0x04600000, 0x04b50000, 0x09b50000)
  eden space 4416K, 100% used [0x04600000, 0x04a50000, 0x04a50000)
  from space 512K,   0% used [0x04a50000, 0x04a50488, 0x04ad0000)
  to   space 512K,   0% used [0x04ad0000, 0x04ad0000, 0x04b50000)
 tenured generation   total 10944K, used 3402K [0x09b50000, 0x0a600000, 0x14600000)
   the space 10944K,  31% used [0x09b50000, 0x09ea2ae0, 0x09ea2c00, 0x0a600000)
 Metaspace       used 5422K, capacity 5557K, committed 5632K, reserved 6528K
Event: 685.323 GC heap after
Heap after GC invocations=31 (full 0):
 def new generation   total 4928K, used 0K [0x04600000, 0x04b50000, 0x09b50000)
  eden space 4416K,   0% used [0x04600000, 0x04600000, 0x04a50000)
  from space 512K,   0% used [0x04ad0000, 0x04ad0138, 0x04b50000)
  to   space 512K,   0% used [0x04a50000, 0x04a50000, 0x04ad0000)
 tenured generation   total 10944K, used 3402K [0x09b50000, 0x0a600000, 0x14600000)
   the space 10944K,  31% used [0x09b50000, 0x09ea2ae0, 0x09ea2c00, 0x0a600000)
 Metaspace       used 5422K, capacity 5557K, committed 5632K, reserved 6528K
}
Event: 707.128 GC heap before
{Heap before GC invocations=31 (full 0):
 def new generation   total 4928K, used 4416K [0x04600000, 0x04b50000, 0x09b50000)
  eden space 4416K, 100% used [0x04600000, 0x04a50000, 0x04a50000)
  from space 512K,   0% used [0x04ad0000, 0x04ad0138, 0x04b50000)
  to   space 512K,   0% used [0x04a50000, 0x04a50000, 0x04ad0000)
 tenured generation   total 10944K, used 3402K [0x09b50000, 0x0a600000, 0x14600000)
   the space 10944K,  31% used [0x09b50000, 0x09ea2ae0, 0x09ea2c00, 0x0a600000)
 Metaspace       used 5422K, capacity 5557K, committed 5632K, reserved 6528K
Event: 707.128 GC heap after
Heap after GC invocations=32 (full 0):
 def new generation   total 4928K, used 0K [0x04600000, 0x04b50000, 0x09b50000)
  eden space 4416K,   0% used [0x04600000, 0x04600000, 0x04a50000)
  from space 512K,   0% used [0x04a50000, 0x04a50328, 0x04ad0000)
  to   space 512K,   0% used [0x04ad0000, 0x04ad0000, 0x04b50000)
 tenured generation   total 10944K, used 3402K [0x09b50000, 0x0a600000, 0x14600000)
   the space 10944K,  31% used [0x09b50000, 0x09ea2ae0, 0x09ea2c00, 0x0a600000)
 Metaspace       used 5422K, capacity 5557K, committed 5632K, reserved 6528K
}
Event: 727.907 GC heap before
{Heap before GC invocations=32 (full 0):
 def new generation   total 4928K, used 4416K [0x04600000, 0x04b50000, 0x09b50000)
  eden space 4416K, 100% used [0x04600000, 0x04a50000, 0x04a50000)
  from space 512K,   0% used [0x04a50000, 0x04a50328, 0x04ad0000)
  to   space 512K,   0% used [0x04ad0000, 0x04ad0000, 0x04b50000)
 tenured generation   total 10944K, used 3402K [0x09b50000, 0x0a600000, 0x14600000)
   the space 10944K,  31% used [0x09b50000, 0x09ea2ae0, 0x09ea2c00, 0x0a600000)
 Metaspace       used 5422K, capacity 5557K, committed 5632K, reserved 6528K
Event: 727.909 GC heap after
Heap after GC invocations=33 (full 0):
 def new generation   total 4928K, used 1K [0x04600000, 0x04b50000, 0x09b50000)
  eden space 4416K,   0% used [0x04600000, 0x04600000, 0x04a50000)
  from space 512K,   0% used [0x04ad0000, 0x04ad0488, 0x04b50000)
  to   space 512K,   0% used [0x04a50000, 0x04a50000, 0x04ad0000)
 tenured generation   total 10944K, used 3402K [0x09b50000, 0x0a600000, 0x14600000)
   the space 10944K,  31% used [0x09b50000, 0x09ea2ae0, 0x09ea2c00, 0x0a600000)
 Metaspace       used 5422K, capacity 5557K, committed 5632K, reserved 6528K
}
Event: 751.265 GC heap before
{Heap before GC invocations=33 (full 0):
 def new generation   total 4928K, used 4417K [0x04600000, 0x04b50000, 0x09b50000)
  eden space 4416K, 100% used [0x04600000, 0x04a50000, 0x04a50000)
  from space 512K,   0% used [0x04ad0000, 0x04ad0488, 0x04b50000)
  to   space 512K,   0% used [0x04a50000, 0x04a50000, 0x04ad0000)
 tenured generation   total 10944K, used 3402K [0x09b50000, 0x0a600000, 0x14600000)
   the space 10944K,  31% used [0x09b50000, 0x09ea2ae0, 0x09ea2c00, 0x0a600000)
 Metaspace       used 5422K, capacity 5557K, committed 5632K, reserved 6528K
Event: 751.266 GC heap after
Heap after GC invocations=34 (full 0):
 def new generation   total 4928K, used 1K [0x04600000, 0x04b50000, 0x09b50000)
  eden space 4416K,   0% used [0x04600000, 0x04600000, 0x04a50000)
  from space 512K,   0% used [0x04a50000, 0x04a50488, 0x04ad0000)
  to   space 512K,   0% used [0x04ad0000, 0x04ad0000, 0x04b50000)
 tenured generation   total 10944K, used 3402K [0x09b50000, 0x0a600000, 0x14600000)
   the space 10944K,  31% used [0x09b50000, 0x09ea2ae0, 0x09ea2c00, 0x0a600000)
 Metaspace       used 5422K, capacity 5557K, committed 5632K, reserved 6528K
}
Event: 772.750 GC heap before
{Heap before GC invocations=34 (full 0):
 def new generation   total 4928K, used 4417K [0x04600000, 0x04b50000, 0x09b50000)
  eden space 4416K, 100% used [0x04600000, 0x04a50000, 0x04a50000)
  from space 512K,   0% used [0x04a50000, 0x04a50488, 0x04ad0000)
  to   space 512K,   0% used [0x04ad0000, 0x04ad0000, 0x04b50000)
 tenured generation   total 10944K, used 3402K [0x09b50000, 0x0a600000, 0x14600000)
   the space 10944K,  31% used [0x09b50000, 0x09ea2ae0, 0x09ea2c00, 0x0a600000)
 Metaspace       used 5422K, capacity 5557K, committed 5632K, reserved 6528K
Event: 772.751 GC heap after
Heap after GC invocations=35 (full 0):
 def new generation   total 4928K, used 1K [0x04600000, 0x04b50000, 0x09b50000)
  eden space 4416K,   0% used [0x04600000, 0x04600000, 0x04a50000)
  from space 512K,   0% used [0x04ad0000, 0x04ad0478, 0x04b50000)
  to   space 512K,   0% used [0x04a50000, 0x04a50000, 0x04ad0000)
 tenured generation   total 10944K, used 3402K [0x09b50000, 0x0a600000, 0x14600000)
   the space 10944K,  31% used [0x09b50000, 0x09ea2ae0, 0x09ea2c00, 0x0a600000)
 Metaspace       used 5422K, capacity 5557K, committed 5632K, reserved 6528K
}

Deoptimization events (0 events):
No events

Internal exceptions (10 events):
Event: 0.495 Thread 0x007ec000 Exception <a 'java/lang/NoSuchFieldError': method resolution failed> (0x04783500) thrown at [D:\re\workspace\8-2-build-windows-i586-cygwin\jdk8u20\1074\hotspot\src\share\vm\prims\methodHandles.cpp, line 1159]
Event: 0.500 Thread 0x007ec000 Exception <a 'java/lang/NoSuchFieldError': method resolution failed> (0x04790e60) thrown at [D:\re\workspace\8-2-build-windows-i586-cygwin\jdk8u20\1074\hotspot\src\share\vm\prims\methodHandles.cpp, line 1159]
Event: 0.503 Thread 0x007ec000 Exception <a 'java/lang/NoSuchFieldError': method resolution failed> (0x04793d58) thrown at [D:\re\workspace\8-2-build-windows-i586-cygwin\jdk8u20\1074\hotspot\src\share\vm\prims\methodHandles.cpp, line 1159]
Event: 0.737 Thread 0x007ec000 Exception <a 'java/security/PrivilegedActionException'> (0x048826d8) thrown at [D:\re\workspace\8-2-build-windows-i586-cygwin\jdk8u20\1074\hotspot\src\share\vm\prims\jvm.cpp, line 1275]
Event: 1.058 Thread 0x007ec000 Exception <a 'java/io/FileNotFoundException'> (0x04a20fc8) thrown at [D:\re\workspace\8-2-build-windows-i586-cygwin\jdk8u20\1074\hotspot\src\share\vm\prims\jni.cpp, line 716]
Event: 1.058 Thread 0x007ec000 Exception <a 'java/lang/NullPointerException'> (0x04a216b8) thrown at [D:\re\workspace\8-2-build-windows-i586-cygwin\jdk8u20\1074\hotspot\src\share\vm\interpreter\linkResolver.cpp, line 1166]
Event: 1.101 Thread 0x007ec000 Exception <a 'java/security/PrivilegedActionException'> (0x04a40550) thrown at [D:\re\workspace\8-2-build-windows-i586-cygwin\jdk8u20\1074\hotspot\src\share\vm\prims\jvm.cpp, line 1275]
Event: 1.123 Thread 0x007ec000 Exception <a 'java/security/PrivilegedActionException'> (0x04a4ee00) thrown at [D:\re\workspace\8-2-build-windows-i586-cygwin\jdk8u20\1074\hotspot\src\share\vm\prims\jvm.cpp, line 1275]
Event: 1.145 Thread 0x007ec000 Exception <a 'java/security/PrivilegedActionException'> (0x046028d8) thrown at [D:\re\workspace\8-2-build-windows-i586-cygwin\jdk8u20\1074\hotspot\src\share\vm\prims\jvm.cpp, line 1275]
Event: 1.146 Thread 0x007ec000 Exception <a 'java/security/PrivilegedActionException'> (0x04603748) thrown at [D:\re\workspace\8-2-build-windows-i586-cygwin\jdk8u20\1074\hotspot\src\share\vm\prims\jvm.cpp, line 1275]

Events (10 events):
Event: 772.751 Executing VM operation: GenCollectForAllocation done
Event: 785.965 loading class sun/misc/Signal$1
Event: 785.966 loading class sun/misc/Signal$1 done
Event: 785.966 Thread 0x1702c800 Thread added: 0x1702c800
Event: 785.967 Thread 0x1702cc00 Thread added: 0x1702cc00
Event: 785.967 Thread 0x17031400 Thread added: 0x17031400
Event: 785.969 Thread 0x17031400 Thread exited: 0x17031400
Event: 785.969 Thread 0x170a0800 Thread exited: 0x170a0800
Event: 785.971 loading class sun/java2d/pipe/hw/AccelDeviceEventNotifier
Event: 785.971 loading class sun/java2d/pipe/hw/AccelDeviceEventNotifier done


Dynamic libraries:
0x00290000 - 0x002c0000 	C:\Program Files (x86)\Java\jdk1.8.0_20\bin\java.exe
0x77e30000 - 0x77f9e000 	C:\Windows\SYSTEM32\ntdll.dll
0x75530000 - 0x75670000 	C:\Windows\SYSTEM32\KERNEL32.DLL
0x77330000 - 0x77407000 	C:\Windows\SYSTEM32\KERNELBASE.dll
0x6ba30000 - 0x6bad0000 	C:\Windows\system32\apphelp.dll
0x54980000 - 0x54be5000 	C:\Windows\AppPatch\AcGenral.DLL
0x77260000 - 0x77323000 	C:\Windows\SYSTEM32\msvcrt.dll
0x77b20000 - 0x77b61000 	C:\Windows\SYSTEM32\sechost.dll
0x75270000 - 0x7528e000 	C:\Windows\SYSTEM32\SspiCli.dll
0x75e90000 - 0x75ed5000 	C:\Windows\SYSTEM32\SHLWAPI.dll
0x6bf10000 - 0x6bffd000 	C:\Windows\SYSTEM32\UxTheme.dll
0x75a30000 - 0x75b83000 	C:\Windows\SYSTEM32\USER32.dll
0x75770000 - 0x7587e000 	C:\Windows\SYSTEM32\GDI32.dll
0x753f0000 - 0x75413000 	C:\Windows\SYSTEM32\WINMM.dll
0x74c40000 - 0x74c53000 	C:\Windows\SYSTEM32\samcli.dll
0x77c00000 - 0x77d28000 	C:\Windows\SYSTEM32\ole32.dll
0x75ee0000 - 0x75f75000 	C:\Windows\SYSTEM32\OLEAUT32.dll
0x69430000 - 0x69447000 	C:\Windows\SYSTEM32\MSACM32.dll
0x751e0000 - 0x751e8000 	C:\Windows\SYSTEM32\VERSION.dll
0x75fb0000 - 0x7725c000 	C:\Windows\SYSTEM32\SHELL32.dll
0x751b0000 - 0x751cb000 	C:\Windows\SYSTEM32\USERENV.dll
0x6b740000 - 0x6b75a000 	C:\Windows\SYSTEM32\dwmapi.dll
0x6f6b0000 - 0x6f7fb000 	C:\Windows\SYSTEM32\urlmon.dll
0x77530000 - 0x775ac000 	C:\Windows\SYSTEM32\ADVAPI32.dll
0x73d40000 - 0x73da5000 	C:\Windows\SYSTEM32\WINSPOOL.DRV
0x6b790000 - 0x6b7a6000 	C:\Windows\SYSTEM32\MPR.dll
0x75290000 - 0x7534a000 	C:\Windows\SYSTEM32\RPCRT4.dll
0x75260000 - 0x7526a000 	C:\Windows\SYSTEM32\CRYPTBASE.dll
0x77930000 - 0x77aad000 	C:\Windows\SYSTEM32\combase.dll
0x75480000 - 0x754a3000 	C:\Windows\SYSTEM32\WINMMBASE.dll
0x751a0000 - 0x751af000 	C:\Windows\SYSTEM32\profapi.dll
0x73fc0000 - 0x741f2000 	C:\Windows\SYSTEM32\iertutil.dll
0x74200000 - 0x743d5000 	C:\Windows\SYSTEM32\WININET.dll
0x75200000 - 0x75254000 	C:\Windows\SYSTEM32\bcryptPrimitives.dll
0x77ad0000 - 0x77b0c000 	C:\Windows\SYSTEM32\cfgmgr32.dll
0x75f80000 - 0x75fa1000 	C:\Windows\SYSTEM32\DEVOBJ.dll
0x74d00000 - 0x74d8b000 	C:\Windows\SYSTEM32\SHCORE.DLL
0x77d30000 - 0x77d57000 	C:\Windows\system32\IMM32.DLL
0x77410000 - 0x77522000 	C:\Windows\SYSTEM32\MSCTF.dll
0x74560000 - 0x74766000 	C:\Windows\WinSxS\x86_microsoft.windows.common-controls_6595b64144ccf1df_6.0.9600.17415_none_a9ed7f470139b3c1\COMCTL32.dll
0x5fcf0000 - 0x5fdaf000 	C:\Program Files (x86)\Java\jdk1.8.0_20\jre\bin\msvcr100.dll
0x545d0000 - 0x54972000 	C:\Program Files (x86)\Java\jdk1.8.0_20\jre\bin\client\jvm.dll
0x73990000 - 0x73998000 	C:\Windows\SYSTEM32\WSOCK32.dll
0x753e0000 - 0x753e6000 	C:\Windows\SYSTEM32\PSAPI.DLL
0x75680000 - 0x756d0000 	C:\Windows\SYSTEM32\WS2_32.dll
0x77780000 - 0x77787000 	C:\Windows\SYSTEM32\NSI.dll
0x624c0000 - 0x624cc000 	C:\Program Files (x86)\Java\jdk1.8.0_20\jre\bin\verify.dll
0x62490000 - 0x624b1000 	C:\Program Files (x86)\Java\jdk1.8.0_20\jre\bin\java.dll
0x61e60000 - 0x61e73000 	C:\Program Files (x86)\Java\jdk1.8.0_20\jre\bin\zip.dll
0x5b6b0000 - 0x5b7f6000 	C:\Program Files (x86)\Java\jdk1.8.0_20\jre\bin\awt.dll
0x69840000 - 0x698bd000 	C:\Program Files (x86)\Common Files\microsoft shared\ink\tiptsf.dll
0x6b760000 - 0x6b767000 	c:\PROGRA~2\mcafee\siteadvisor\saHook.dll
0x74c30000 - 0x74c39000 	C:\Windows\SYSTEM32\kernel.appcore.dll
0x61e20000 - 0x61e58000 	C:\Program Files (x86)\Java\jdk1.8.0_20\jre\bin\fontmanager.dll
0x6b540000 - 0x6b590000 	C:\Windows\SYSTEM32\oleacc.dll
0x77b70000 - 0x77bfd000 	C:\Windows\SYSTEM32\clbcatq.dll
0x73db0000 - 0x73ef1000 	C:\Windows\SYSTEM32\dbghelp.dll

VM Arguments:
java_command: Game
java_class_path (initial): C:\Users\david\Desktop\ELISA\FinalProject;C:\Program Files (x86)\Java\jdk1.8.0_20\jre\lib\rt.jar;C:\Program Files (x86)\Java\jdk1.8.0_20\lib\dt.jar;C:\Program Files (x86)\Java\jdk1.8.0_20\lib\tools.jar;C:\Program Files (x86)\Java\jdk1.8.0_20\jre\lib\ext\access-bridge-32.jar;C:\Program Files (x86)\Java\jdk1.8.0_20\jre\lib\ext\cldrdata.jar;C:\Program Files (x86)\Java\jdk1.8.0_20\jre\lib\ext\dnsns.jar;C:\Program Files (x86)\Java\jdk1.8.0_20\jre\lib\ext\jaccess.jar;C:\Program Files (x86)\Java\jdk1.8.0_20\jre\lib\ext\jfxrt.jar;C:\Program Files (x86)\Java\jdk1.8.0_20\jre\lib\ext\localedata.jar;C:\Program Files (x86)\Java\jdk1.8.0_20\jre\lib\ext\nashorn.jar;C:\Program Files (x86)\Java\jdk1.8.0_20\jre\lib\ext\sunec.jar;C:\Program Files (x86)\Java\jdk1.8.0_20\jre\lib\ext\sunjce_provider.jar;C:\Program Files (x86)\Java\jdk1.8.0_20\jre\lib\ext\sunmscapi.jar;C:\Program Files (x86)\Java\jdk1.8.0_20\jre\lib\ext\sunpkcs11.jar;C:\Program Files (x86)\Java\jdk1.8.0_20\jre\lib\ext\zipfs.jar
Launcher Type: SUN_STANDARD

Environment Variables:
PATH=C:\ProgramData\Oracle\Java\javapath;C:\Program Files (x86)\Intel\iCLS Client\;C:\Program Files\Intel\iCLS Client\;C:\Windows\system32;C:\Windows;C:\Windows\System32\Wbem;C:\Windows\System32\WindowsPowerShell\v1.0\;C:\Program Files\Intel\Intel(R) Management Engine Components\DAL;C:\Program Files\Intel\Intel(R) Management Engine Components\IPT;C:\Program Files (x86)\Intel\Intel(R) Management Engine Components\DAL;C:\Program Files (x86)\Intel\Intel(R) Management Engine Components\IPT;C:\Program Files\Acer\Remote Files\;C:\Program Files (x86)\Skype\Phone\
USERNAME=david
OS=Windows_NT
PROCESSOR_IDENTIFIER=Intel64 Family 6 Model 69 Stepping 1, GenuineIntel



---------------  S Y S T E M  ---------------

OS: Windows 8.1 , 64 bit Build 9600 

CPU:total 4 (2 cores per cpu, 2 threads per core) family 6 model 69 stepping 1, cmov, cx8, fxsr, mmx, sse, sse2, sse3, ssse3, sse4.1, sse4.2, popcnt, avx, avx2, aes, clmul, erms, lzcnt, ht, tsc, tscinvbit, bmi1, bmi2

Memory: 4k page, physical 12460312k(6524388k free), swap 14491928k(7452648k free)

vm_info: Java HotSpot(TM) Client VM (25.20-b23) for windows-x86 JRE (1.8.0_20-b26), built on Jul 30 2014 18:14:41 by "java_re" with MS VC++ 10.0 (VS2010)

time: Tue Apr 28 21:16:46 2015
elapsed time: 786 seconds (0d 0h 13m 6s)

